<?xml version="1.0" encoding="UTF-8"?>
<!-- Generated by org.testng.reporters.JUnitXMLReporter -->
<testsuite hostname="C111400215M4232" ignored="0" name="ProductAdvSearch_0001" tests="1" failures="0" timestamp="16 Jul 2018 17:26:43 GMT" time="0.5" errors="0">
  <testcase name="@BeforeTest checkCaseToRun" time="0.0" classname="testCases.ModuleSearch.ProductAdvSearch_0001">
    <skipped/>
  </testcase> <!-- @BeforeTest checkCaseToRun -->
  <testcase name="@BeforeMethod beforeMethod" time="0.0" classname="testCases.ModuleSearch.ProductAdvSearch_0001">
    <skipped/>
  </testcase> <!-- @BeforeMethod beforeMethod -->
  <testcase name="@AfterMethod reporterDataResults" time="0.0" classname="testCases.ModuleSearch.ProductAdvSearch_0001">
    <skipped/>
  </testcase> <!-- @AfterMethod reporterDataResults -->
  <testcase name="@AfterTest closeBrowser" time="0.0" classname="testCases.ModuleSearch.ProductAdvSearch_0001">
    <skipped/>
  </testcase> <!-- @AfterTest closeBrowser -->
  <testcase name="ProductAdvSearch_0001Test" time="0.0" classname="testCases.ModuleSearch.ProductAdvSearch_0001">
    <skipped/>
  </testcase> <!-- ProductAdvSearch_0001Test -->
</testsuite> <!-- ProductAdvSearch_0001 -->
