<?xml version="1.0" encoding="UTF-8"?>
<!-- Generated by org.testng.reporters.JUnitXMLReporter -->
<testsuite hostname="C111400215M4232" ignored="0" name="eMagSubscription_0010" tests="1" failures="1" timestamp="16 Jul 2018 17:09:14 GMT" time="88.569" errors="0">
  <testcase name="eMagSubscription_0010Test" time="73.323" classname="testCases.ModuleeMag.eMagSubscription_0010">
    <failure type="org.openqa.selenium.TimeoutException" message="Expected condition failed: waiting for title to be &amp;quot;Global Sources Magazines – Android Apps on Google Play&amp;quot;. Current title: &amp;quot;Global Sources Magazines - Apps on Google Play&amp;quot; (tried for 25 second(s) with 500 MILLISECONDS interval)
Build info: version: &amp;apos;unknown&amp;apos;, revision: &amp;apos;1969d75&amp;apos;, time: &amp;apos;2016-10-18 09:43:45 -0700&amp;apos;
System info: host: &amp;apos;C111400215M4232&amp;apos;, ip: &amp;apos;192.168.87.55&amp;apos;, os.name: &amp;apos;Windows 10&amp;apos;, os.arch: &amp;apos;amd64&amp;apos;, os.version: &amp;apos;10.0&amp;apos;, java.version: &amp;apos;1.8.0_151&amp;apos;
Driver info: org.openqa.selenium.firefox.FirefoxDriver
Capabilities [{applicationCacheEnabled=true, rotatable=false, handlesAlerts=true, databaseEnabled=true, version=47.0.1, platform=WINDOWS, nativeEvents=false, acceptSslCerts=true, webStorageEnabled=true, locationContextEnabled=true, browserName=firefox, takesScreenshot=true, javascriptEnabled=true, cssSelectorsEnabled=true}]
Session ID: eab7d7d1-e038-4bb3-8655-61cb174b6b27">
      <![CDATA[org.openqa.selenium.TimeoutException: Expected condition failed: waiting for title to be "Global Sources Magazines – Android Apps on Google Play". Current title: "Global Sources Magazines - Apps on Google Play" (tried for 25 second(s) with 500 MILLISECONDS interval)
Build info: version: 'unknown', revision: '1969d75', time: '2016-10-18 09:43:45 -0700'
System info: host: 'C111400215M4232', ip: '192.168.87.55', os.name: 'Windows 10', os.arch: 'amd64', os.version: '10.0', java.version: '1.8.0_151'
Driver info: org.openqa.selenium.firefox.FirefoxDriver
Capabilities [{applicationCacheEnabled=true, rotatable=false, handlesAlerts=true, databaseEnabled=true, version=47.0.1, platform=WINDOWS, nativeEvents=false, acceptSslCerts=true, webStorageEnabled=true, locationContextEnabled=true, browserName=firefox, takesScreenshot=true, javascriptEnabled=true, cssSelectorsEnabled=true}]
Session ID: eab7d7d1-e038-4bb3-8655-61cb174b6b27
	at org.openqa.selenium.support.ui.WebDriverWait.timeoutException(WebDriverWait.java:80)
	at org.openqa.selenium.support.ui.FluentWait.until(FluentWait.java:265)
	at pageObjects.eMag_Subscriptions_Page.check_googlePlayGSMagazineDisplayed(eMag_Subscriptions_Page.java:199)
	at testCases.ModuleeMag.eMagSubscription_0010.eMagSubscription_0010Test(eMagSubscription_0010.java:230)
... Removed 25 stack frames]]>
    </failure>
  </testcase> <!-- eMagSubscription_0010Test -->
</testsuite> <!-- eMagSubscription_0010 -->
