<?xml version="1.0" encoding="UTF-8"?>
<!-- Generated by org.testng.reporters.JUnitXMLReporter -->
<testsuite hostname="C111400215M4232" ignored="0" name="GlobalNavigator_0006" tests="1" failures="0" timestamp="16 Jul 2018 16:43:51 GMT" time="0.625" errors="0">
  <testcase name="@BeforeTest checkCaseToRun" time="0.0" classname="testCases.ModuleNavBar.GlobalNavigator_0006">
    <skipped/>
  </testcase> <!-- @BeforeTest checkCaseToRun -->
  <testcase name="@BeforeMethod beforeMethod" time="0.0" classname="testCases.ModuleNavBar.GlobalNavigator_0006">
    <skipped/>
  </testcase> <!-- @BeforeMethod beforeMethod -->
  <testcase name="@AfterMethod reporterDataResults" time="0.0" classname="testCases.ModuleNavBar.GlobalNavigator_0006">
    <skipped/>
  </testcase> <!-- @AfterMethod reporterDataResults -->
  <testcase name="@AfterTest closeBrowser" time="0.0" classname="testCases.ModuleNavBar.GlobalNavigator_0006">
    <skipped/>
  </testcase> <!-- @AfterTest closeBrowser -->
  <testcase name="GlobalNavigator_0006Test" time="0.0" classname="testCases.ModuleNavBar.GlobalNavigator_0006">
    <skipped/>
  </testcase> <!-- GlobalNavigator_0006Test -->
</testsuite> <!-- GlobalNavigator_0006 -->
