<?xml version="1.0" encoding="UTF-8"?>
<testsuite name="ProductProfile_0001"
           tests="5"
           failures="0"
           errors="0"
           skipped="5"
           time="0.016">
  <properties />
  
            <testcase name="beforeMethod" time="0.0" classname="testCases.ModulePP.ProductProfile_0001">
          <skipped />
    </testcase>
            <testcase name="checkCaseToRun" time="0.0" classname="testCases.ModulePP.ProductProfile_0001">
          <skipped />
    </testcase>
            <testcase name="reporterDataResults" time="0.0" classname="testCases.ModulePP.ProductProfile_0001">
          <skipped />
    </testcase>
            <testcase name="closeBrowser" time="0.0" classname="testCases.ModulePP.ProductProfile_0001">
          <skipped />
    </testcase>
            <testcase name="ProductProfile_0001Test" time="0.0" classname="testCases.ModulePP.ProductProfile_0001">
          <skipped />
    </testcase>
  
  
</testsuite>
