<?xml version="1.0" encoding="UTF-8"?>
<testsuite name="eMagSubscription_0008"
           tests="5"
           failures="0"
           errors="0"
           skipped="5"
           time="0.000">
  <properties />
  
            <testcase name="reporterDataResults" time="0.0" classname="testCases.ModuleeMag.eMagSubscription_0008">
          <skipped />
    </testcase>
            <testcase name="closeBrowser" time="0.0" classname="testCases.ModuleeMag.eMagSubscription_0008">
          <skipped />
    </testcase>
            <testcase name="beforeMethod" time="0.0" classname="testCases.ModuleeMag.eMagSubscription_0008">
          <skipped />
    </testcase>
            <testcase name="checkCaseToRun" time="0.0" classname="testCases.ModuleeMag.eMagSubscription_0008">
          <skipped />
    </testcase>
            <testcase name="eMagSubscription_0008Test" time="0.0" classname="testCases.ModuleeMag.eMagSubscription_0008">
          <skipped />
    </testcase>
  
  
</testsuite>
