<?xml version="1.0" encoding="UTF-8"?>
<!-- Generated by org.testng.reporters.JUnitXMLReporter -->
<testsuite hostname="C111400215M4232" ignored="0" name="SupplierProfile_0021" tests="1" failures="0" timestamp="13 Jul 2018 17:08:19 GMT" time="0.421" errors="0">
  <testcase name="@BeforeTest checkCaseToRun" time="0.0" classname="testCases.ModuleSP.SupplierProfile_0021">
    <skipped/>
  </testcase> <!-- @BeforeTest checkCaseToRun -->
  <testcase name="@BeforeMethod beforeMethod" time="0.0" classname="testCases.ModuleSP.SupplierProfile_0021">
    <skipped/>
  </testcase> <!-- @BeforeMethod beforeMethod -->
  <testcase name="@AfterMethod reporterDataResults" time="0.0" classname="testCases.ModuleSP.SupplierProfile_0021">
    <skipped/>
  </testcase> <!-- @AfterMethod reporterDataResults -->
  <testcase name="@AfterTest closeBrowser" time="0.0" classname="testCases.ModuleSP.SupplierProfile_0021">
    <skipped/>
  </testcase> <!-- @AfterTest closeBrowser -->
  <testcase name="SupplierProfile_0021Test" time="0.0" classname="testCases.ModuleSP.SupplierProfile_0021">
    <skipped/>
  </testcase> <!-- SupplierProfile_0021Test -->
</testsuite> <!-- SupplierProfile_0021 -->
