<?xml version="1.0" encoding="UTF-8"?>
<!-- Generated by org.testng.reporters.JUnitXMLReporter -->
<testsuite hostname="C111400215M4232" ignored="0" name="PA_LiteSignup_0021" tests="1" failures="0" timestamp="16 Jul 2018 16:12:35 GMT" time="0.547" errors="0">
  <testcase name="@BeforeTest checkCaseToRun" time="0.0" classname="testCases.ModulePA.PA_LiteSignup_0021">
    <skipped/>
  </testcase> <!-- @BeforeTest checkCaseToRun -->
  <testcase name="@BeforeMethod beforeMethod" time="0.0" classname="testCases.ModulePA.PA_LiteSignup_0021">
    <skipped/>
  </testcase> <!-- @BeforeMethod beforeMethod -->
  <testcase name="@AfterMethod reporterDataResults" time="0.0" classname="testCases.ModulePA.PA_LiteSignup_0021">
    <skipped/>
  </testcase> <!-- @AfterMethod reporterDataResults -->
  <testcase name="@AfterTest closeBrowser" time="0.0" classname="testCases.ModulePA.PA_LiteSignup_0021">
    <skipped/>
  </testcase> <!-- @AfterTest closeBrowser -->
  <testcase name="PA_LiteSignup_0021Test" time="0.0" classname="testCases.ModulePA.PA_LiteSignup_0021">
    <skipped/>
  </testcase> <!-- PA_LiteSignup_0021Test -->
</testsuite> <!-- PA_LiteSignup_0021 -->
