<?xml version="1.0" encoding="UTF-8"?>
<!-- Generated by org.testng.reporters.JUnitXMLReporter -->
<testsuite hostname="C111400215M4232" ignored="0" name="UserProfile_0001" tests="1" failures="0" timestamp="16 Jul 2018 16:37:51 GMT" time="0.516" errors="0">
  <testcase name="@BeforeTest checkCaseToRun" time="0.0" classname="testCases.ModuleUserAcc.UserProfile_0001">
    <skipped/>
  </testcase> <!-- @BeforeTest checkCaseToRun -->
  <testcase name="@BeforeMethod beforeMethod" time="0.0" classname="testCases.ModuleUserAcc.UserProfile_0001">
    <skipped/>
  </testcase> <!-- @BeforeMethod beforeMethod -->
  <testcase name="@AfterMethod reporterDataResults" time="0.0" classname="testCases.ModuleUserAcc.UserProfile_0001">
    <skipped/>
  </testcase> <!-- @AfterMethod reporterDataResults -->
  <testcase name="@AfterTest closeBrowser" time="0.0" classname="testCases.ModuleUserAcc.UserProfile_0001">
    <skipped/>
  </testcase> <!-- @AfterTest closeBrowser -->
  <testcase name="UserProfile_0001Test" time="0.0" classname="testCases.ModuleUserAcc.UserProfile_0001">
    <skipped/>
  </testcase> <!-- UserProfile_0001Test -->
</testsuite> <!-- UserProfile_0001 -->
