<?xml version="1.0" encoding="UTF-8"?>
<!-- Generated by org.testng.reporters.JUnitXMLReporter -->
<testsuite hostname="C111400215M4232" ignored="0" name="SupplierAlert_0003" tests="1" failures="0" timestamp="16 Jul 2018 17:09:57 GMT" time="0.421" errors="0">
  <testcase name="@BeforeTest checkCaseToRun" time="0.0" classname="testCases.ModuleSA.SupplierAlert_0003">
    <skipped/>
  </testcase> <!-- @BeforeTest checkCaseToRun -->
  <testcase name="@BeforeMethod beforeMethod" time="0.0" classname="testCases.ModuleSA.SupplierAlert_0003">
    <skipped/>
  </testcase> <!-- @BeforeMethod beforeMethod -->
  <testcase name="@AfterMethod reporterDataResults" time="0.0" classname="testCases.ModuleSA.SupplierAlert_0003">
    <skipped/>
  </testcase> <!-- @AfterMethod reporterDataResults -->
  <testcase name="@AfterTest closeBrowser" time="0.0" classname="testCases.ModuleSA.SupplierAlert_0003">
    <skipped/>
  </testcase> <!-- @AfterTest closeBrowser -->
  <testcase name="SupplierAlert_0003Test" time="0.0" classname="testCases.ModuleSA.SupplierAlert_0003">
    <skipped/>
  </testcase> <!-- SupplierAlert_0003Test -->
</testsuite> <!-- SupplierAlert_0003 -->
