<?xml version="1.0" encoding="UTF-8"?>
<testsuite name="ProductionBug_0005"
           tests="5"
           failures="0"
           errors="0"
           skipped="5"
           time="0.000">
  <properties />
  
            <testcase name="reporterDataResults" time="0.0" classname="testCases.ModuleBug.ProductionBug_0005">
          <skipped />
    </testcase>
            <testcase name="beforeMethod" time="0.0" classname="testCases.ModuleBug.ProductionBug_0005">
          <skipped />
    </testcase>
            <testcase name="closeBrowser" time="0.0" classname="testCases.ModuleBug.ProductionBug_0005">
          <skipped />
    </testcase>
            <testcase name="checkCaseToRun" time="0.0" classname="testCases.ModuleBug.ProductionBug_0005">
          <skipped />
    </testcase>
            <testcase name="ProductionBug_0005Test" time="0.0" classname="testCases.ModuleBug.ProductionBug_0005">
          <skipped />
    </testcase>
  
  
</testsuite>
