<?xml version="1.0" encoding="UTF-8"?>
<testsuite name="GetNotified_0001"
           tests="5"
           failures="0"
           errors="0"
           skipped="5"
           time="0.000">
  <properties />
  
            <testcase name="beforeMethod" time="0.0" classname="testCases.ModulePA.GetNotified_0001">
          <skipped />
    </testcase>
            <testcase name="checkCaseToRun" time="0.0" classname="testCases.ModulePA.GetNotified_0001">
          <skipped />
    </testcase>
            <testcase name="closeBrowser" time="0.0" classname="testCases.ModulePA.GetNotified_0001">
          <skipped />
    </testcase>
            <testcase name="reporterDataResults" time="0.0" classname="testCases.ModulePA.GetNotified_0001">
          <skipped />
    </testcase>
            <testcase name="GetNotified_0001Test" time="0.0" classname="testCases.ModulePA.GetNotified_0001">
          <skipped />
    </testcase>
  
  
</testsuite>
