<?xml version="1.0" encoding="UTF-8"?>
<!-- Generated by org.testng.reporters.JUnitXMLReporter -->
<testsuite hostname="C111400215M4232" ignored="0" name="Registration_0007" tests="1" failures="0" timestamp="16 Jul 2018 16:12:46 GMT" time="0.5" errors="0">
  <testcase name="@BeforeTest checkCaseToRun" time="0.0" classname="testCases.ModuleReg.Registration_0007">
    <skipped/>
  </testcase> <!-- @BeforeTest checkCaseToRun -->
  <testcase name="@BeforeMethod beforeMethod" time="0.0" classname="testCases.ModuleReg.Registration_0007">
    <skipped/>
  </testcase> <!-- @BeforeMethod beforeMethod -->
  <testcase name="@AfterMethod reporterDataResults" time="0.0" classname="testCases.ModuleReg.Registration_0007">
    <skipped/>
  </testcase> <!-- @AfterMethod reporterDataResults -->
  <testcase name="@AfterTest closeBrowser" time="0.0" classname="testCases.ModuleReg.Registration_0007">
    <skipped/>
  </testcase> <!-- @AfterTest closeBrowser -->
  <testcase name="Registration_0007Test" time="0.0" classname="testCases.ModuleReg.Registration_0007">
    <skipped/>
  </testcase> <!-- Registration_0007Test -->
</testsuite> <!-- Registration_0007 -->
