<?xml version="1.0" encoding="UTF-8"?>
<!-- Generated by org.testng.reporters.JUnitXMLReporter -->
<testsuite hostname="C111400215M4232" ignored="0" name="Registration_0012" tests="1" failures="0" timestamp="16 Jul 2018 16:13:30 GMT" time="0.422" errors="0">
  <testcase name="@BeforeTest checkCaseToRun" time="0.0" classname="testCases.ModuleReg.Registration_0012">
    <skipped/>
  </testcase> <!-- @BeforeTest checkCaseToRun -->
  <testcase name="@BeforeMethod beforeMethod" time="0.0" classname="testCases.ModuleReg.Registration_0012">
    <skipped/>
  </testcase> <!-- @BeforeMethod beforeMethod -->
  <testcase name="@AfterMethod reporterDataResults" time="0.0" classname="testCases.ModuleReg.Registration_0012">
    <skipped/>
  </testcase> <!-- @AfterMethod reporterDataResults -->
  <testcase name="@AfterTest closeBrowser" time="0.0" classname="testCases.ModuleReg.Registration_0012">
    <skipped/>
  </testcase> <!-- @AfterTest closeBrowser -->
  <testcase name="Registration_0012Test" time="0.0" classname="testCases.ModuleReg.Registration_0012">
    <skipped/>
  </testcase> <!-- Registration_0012Test -->
</testsuite> <!-- Registration_0012 -->
