<?xml version="1.0" encoding="UTF-8"?>
<!-- Generated by org.testng.reporters.JUnitXMLReporter -->
<testsuite hostname="C111400215M4232" ignored="0" name="InqFlowLI2_SuppInq_0002" tests="1" failures="1" timestamp="24 Mar 2017 03:23:28 GMT" time="42.361" errors="0">
  <testcase name="InqFlowLI2_SuppInq_0002Test" time="30.273" classname="testCases.ModuleRFI.InqFlowLI2_SuppInq_0002">
    <failure type="org.openqa.selenium.TimeoutException" message="Expected condition failed: waiting for title to be &amp;quot;Global Sources -- Inquiry Form&amp;quot;. Current title: &amp;quot;200 OK&amp;quot; (tried for 25 second(s) with 500 MILLISECONDS interval)
Build info: version: &amp;apos;unknown&amp;apos;, revision: &amp;apos;1969d75&amp;apos;, time: &amp;apos;2016-10-18 09:43:45 -0700&amp;apos;
System info: host: &amp;apos;C111400215M4232&amp;apos;, ip: &amp;apos;192.168.87.55&amp;apos;, os.name: &amp;apos;Windows 10&amp;apos;, os.arch: &amp;apos;amd64&amp;apos;, os.version: &amp;apos;10.0&amp;apos;, java.version: &amp;apos;1.8.0_121&amp;apos;
Driver info: org.openqa.selenium.firefox.FirefoxDriver
Capabilities [{applicationCacheEnabled=true, rotatable=false, handlesAlerts=true, databaseEnabled=true, version=47.0.1, platform=WINDOWS, nativeEvents=false, acceptSslCerts=true, webStorageEnabled=true, locationContextEnabled=true, browserName=firefox, takesScreenshot=true, javascriptEnabled=true, cssSelectorsEnabled=true}]
Session ID: 00abf965-058f-435a-943b-b40323eed8ec">
      <![CDATA[org.openqa.selenium.TimeoutException: Expected condition failed: waiting for title to be "Global Sources -- Inquiry Form". Current title: "200 OK" (tried for 25 second(s) with 500 MILLISECONDS interval)
Build info: version: 'unknown', revision: '1969d75', time: '2016-10-18 09:43:45 -0700'
System info: host: 'C111400215M4232', ip: '192.168.87.55', os.name: 'Windows 10', os.arch: 'amd64', os.version: '10.0', java.version: '1.8.0_121'
Driver info: org.openqa.selenium.firefox.FirefoxDriver
Capabilities [{applicationCacheEnabled=true, rotatable=false, handlesAlerts=true, databaseEnabled=true, version=47.0.1, platform=WINDOWS, nativeEvents=false, acceptSslCerts=true, webStorageEnabled=true, locationContextEnabled=true, browserName=firefox, takesScreenshot=true, javascriptEnabled=true, cssSelectorsEnabled=true}]
Session ID: 00abf965-058f-435a-943b-b40323eed8ec
	at org.openqa.selenium.support.ui.WebDriverWait.timeoutException(WebDriverWait.java:80)
	at org.openqa.selenium.support.ui.FluentWait.until(FluentWait.java:265)
	at pageObjects.InquiryForm_Page.check_RFIFormIsDisplayed(InquiryForm_Page.java:51)
	at testCases.ModuleRFI.InqFlowLI2_SuppInq_0002.InqFlowLI2_SuppInq_0002Test(InqFlowLI2_SuppInq_0002.java:172)
... Removed 26 stack frames]]>
    </failure>
  </testcase> <!-- InqFlowLI2_SuppInq_0002Test -->
</testsuite> <!-- InqFlowLI2_SuppInq_0002 -->
