<?xml version="1.0" encoding="UTF-8"?>
<!-- Generated by org.testng.reporters.JUnitXMLReporter -->
<testsuite hostname="C111400215M4232" ignored="0" name="SupplierAGG_0012" tests="1" failures="0" timestamp="16 Jul 2018 17:32:22 GMT" time="0.438" errors="0">
  <testcase name="@BeforeTest checkCaseToRun" time="0.0" classname="testCases.ModuleSP.SupplierAGG_0012">
    <skipped/>
  </testcase> <!-- @BeforeTest checkCaseToRun -->
  <testcase name="@BeforeMethod beforeMethod" time="0.0" classname="testCases.ModuleSP.SupplierAGG_0012">
    <skipped/>
  </testcase> <!-- @BeforeMethod beforeMethod -->
  <testcase name="@AfterMethod reporterDataResults" time="0.0" classname="testCases.ModuleSP.SupplierAGG_0012">
    <skipped/>
  </testcase> <!-- @AfterMethod reporterDataResults -->
  <testcase name="@AfterTest closeBrowser" time="0.0" classname="testCases.ModuleSP.SupplierAGG_0012">
    <skipped/>
  </testcase> <!-- @AfterTest closeBrowser -->
  <testcase name="SupplierAGG_0012Test" time="0.0" classname="testCases.ModuleSP.SupplierAGG_0012">
    <skipped/>
  </testcase> <!-- SupplierAGG_0012Test -->
</testsuite> <!-- SupplierAGG_0012 -->
