<?xml version="1.0" encoding="UTF-8"?>
<!-- Generated by org.testng.reporters.JUnitXMLReporter -->
<testsuite hostname="C111400215M4232" ignored="0" name="RFI_RequestLatestPrice_0003" tests="1" failures="0" timestamp="16 Jul 2018 15:33:43 GMT" time="0.781" errors="0">
  <testcase name="@BeforeTest checkCaseToRun" time="0.0" classname="testCases.ModuleRFI.RFI_RequestLatestPrice_0003">
    <skipped/>
  </testcase> <!-- @BeforeTest checkCaseToRun -->
  <testcase name="@BeforeMethod beforeMethod" time="0.0" classname="testCases.ModuleRFI.RFI_RequestLatestPrice_0003">
    <skipped/>
  </testcase> <!-- @BeforeMethod beforeMethod -->
  <testcase name="@AfterMethod reporterDataResults" time="0.0" classname="testCases.ModuleRFI.RFI_RequestLatestPrice_0003">
    <skipped/>
  </testcase> <!-- @AfterMethod reporterDataResults -->
  <testcase name="@AfterTest closeBrowser" time="0.0" classname="testCases.ModuleRFI.RFI_RequestLatestPrice_0003">
    <skipped/>
  </testcase> <!-- @AfterTest closeBrowser -->
  <testcase name="RFI_RequestLatestPrice_0003Test" time="0.0" classname="testCases.ModuleRFI.RFI_RequestLatestPrice_0003">
    <skipped/>
  </testcase> <!-- RFI_RequestLatestPrice_0003Test -->
</testsuite> <!-- RFI_RequestLatestPrice_0003 -->
