<?xml version="1.0" encoding="UTF-8"?>
<!-- Generated by org.testng.reporters.JUnitXMLReporter -->
<testsuite hostname="C111400215M4232" ignored="0" name="RFI_Form_0010" tests="1" failures="1" timestamp="16 Jul 2018 15:14:15 GMT" time="80.768" errors="0">
  <testcase name="RFI_Form_0010Test" time="65.929" classname="testCases.ModuleRFI.RFI_Form_0010">
    <failure type="org.openqa.selenium.TimeoutException" message="Expected condition failed: waiting for title to be &amp;quot;RFI - Inquiry Details&amp;quot;. Current title: &amp;quot;Global Sources -- Inquiry Form&amp;quot; (tried for 25 second(s) with 500 MILLISECONDS interval)
Build info: version: &amp;apos;unknown&amp;apos;, revision: &amp;apos;1969d75&amp;apos;, time: &amp;apos;2016-10-18 09:43:45 -0700&amp;apos;
System info: host: &amp;apos;C111400215M4232&amp;apos;, ip: &amp;apos;192.168.87.55&amp;apos;, os.name: &amp;apos;Windows 10&amp;apos;, os.arch: &amp;apos;amd64&amp;apos;, os.version: &amp;apos;10.0&amp;apos;, java.version: &amp;apos;1.8.0_151&amp;apos;
Driver info: org.openqa.selenium.firefox.FirefoxDriver
Capabilities [{applicationCacheEnabled=true, rotatable=false, handlesAlerts=true, databaseEnabled=true, version=47.0.1, platform=WINDOWS, nativeEvents=false, acceptSslCerts=true, webStorageEnabled=true, locationContextEnabled=true, browserName=firefox, takesScreenshot=true, javascriptEnabled=true, cssSelectorsEnabled=true}]
Session ID: 4f1830a9-f5d0-4a0b-9f84-d56f44075f92">
      <![CDATA[org.openqa.selenium.TimeoutException: Expected condition failed: waiting for title to be "RFI - Inquiry Details". Current title: "Global Sources -- Inquiry Form" (tried for 25 second(s) with 500 MILLISECONDS interval)
Build info: version: 'unknown', revision: '1969d75', time: '2016-10-18 09:43:45 -0700'
System info: host: 'C111400215M4232', ip: '192.168.87.55', os.name: 'Windows 10', os.arch: 'amd64', os.version: '10.0', java.version: '1.8.0_151'
Driver info: org.openqa.selenium.firefox.FirefoxDriver
Capabilities [{applicationCacheEnabled=true, rotatable=false, handlesAlerts=true, databaseEnabled=true, version=47.0.1, platform=WINDOWS, nativeEvents=false, acceptSslCerts=true, webStorageEnabled=true, locationContextEnabled=true, browserName=firefox, takesScreenshot=true, javascriptEnabled=true, cssSelectorsEnabled=true}]
Session ID: 4f1830a9-f5d0-4a0b-9f84-d56f44075f92
	at org.openqa.selenium.support.ui.WebDriverWait.timeoutException(WebDriverWait.java:80)
	at org.openqa.selenium.support.ui.FluentWait.until(FluentWait.java:265)
	at pageObjects.InquiryForm_Page.check_RFIInqDetailsWindowIsDisplayed(InquiryForm_Page.java:261)
	at testCases.ModuleRFI.RFI_Form_0010.RFI_Form_0010Test(RFI_Form_0010.java:193)
... Removed 25 stack frames]]>
    </failure>
  </testcase> <!-- RFI_Form_0010Test -->
</testsuite> <!-- RFI_Form_0010 -->
