<?xml version="1.0" encoding="UTF-8"?>
<!-- Generated by org.testng.reporters.JUnitXMLReporter -->
<testsuite hostname="C111400215M4232" name="RFI_PALanding_0004" tests="1" failures="0" timestamp="17 Oct 2016 15:03:11 GMT" time="0.194" errors="0">
  <testcase name="@BeforeTest checkCaseToRun" time="0.0" classname="testCases.ModuleRFI.RFI_PALanding_0004">
    <skipped/>
  </testcase> <!-- @BeforeTest checkCaseToRun -->
  <testcase name="@AfterTest closeBrowser" time="0.0" classname="testCases.ModuleRFI.RFI_PALanding_0004">
    <skipped/>
  </testcase> <!-- @AfterTest closeBrowser -->
  <testcase name="RFI_PALanding_0004Test" time="0.0" classname="testCases.ModuleRFI.RFI_PALanding_0004">
    <skipped/>
  </testcase> <!-- RFI_PALanding_0004Test -->
</testsuite> <!-- RFI_PALanding_0004 -->
