<?xml version="1.0" encoding="UTF-8"?>
<!-- Generated by org.testng.reporters.JUnitXMLReporter -->
<testsuite hostname="C111400215M4232" ignored="0" name="RFI_Form_0004" tests="1" failures="1" timestamp="28 Feb 2017 05:42:10 GMT" time="41.366" errors="0">
  <testcase name="RFI_Form_0004Test" time="27.782" classname="testCases.ModuleRFI.RFI_Form_0004">
    <failure type="org.openqa.selenium.TimeoutException" message="Expected condition failed: waiting for visibility of [[FirefoxDriver: firefox on WINDOWS (f8f11bd8-cd93-4fde-a426-73fe85daa18f)] -&amp;gt; xpath: (//*[contains(@class, &amp;apos;ppPopBox_img&amp;apos;)])[position()=1]] (tried for 10 second(s) with 500 MILLISECONDS interval)
Build info: version: &amp;apos;unknown&amp;apos;, revision: &amp;apos;1969d75&amp;apos;, time: &amp;apos;2016-10-18 09:43:45 -0700&amp;apos;
System info: host: &amp;apos;C111400215M4232&amp;apos;, ip: &amp;apos;192.168.87.55&amp;apos;, os.name: &amp;apos;Windows 10&amp;apos;, os.arch: &amp;apos;amd64&amp;apos;, os.version: &amp;apos;10.0&amp;apos;, java.version: &amp;apos;1.8.0_121&amp;apos;
Driver info: org.openqa.selenium.firefox.FirefoxDriver
Capabilities [{applicationCacheEnabled=true, rotatable=false, handlesAlerts=true, databaseEnabled=true, version=47.0.1, platform=WINDOWS, nativeEvents=false, acceptSslCerts=true, webStorageEnabled=true, locationContextEnabled=true, browserName=firefox, takesScreenshot=true, javascriptEnabled=true, cssSelectorsEnabled=true}]
Session ID: f8f11bd8-cd93-4fde-a426-73fe85daa18f">
      <![CDATA[org.openqa.selenium.TimeoutException: Expected condition failed: waiting for visibility of [[FirefoxDriver: firefox on WINDOWS (f8f11bd8-cd93-4fde-a426-73fe85daa18f)] -> xpath: (//*[contains(@class, 'ppPopBox_img')])[position()=1]] (tried for 10 second(s) with 500 MILLISECONDS interval)
Build info: version: 'unknown', revision: '1969d75', time: '2016-10-18 09:43:45 -0700'
System info: host: 'C111400215M4232', ip: '192.168.87.55', os.name: 'Windows 10', os.arch: 'amd64', os.version: '10.0', java.version: '1.8.0_121'
Driver info: org.openqa.selenium.firefox.FirefoxDriver
Capabilities [{applicationCacheEnabled=true, rotatable=false, handlesAlerts=true, databaseEnabled=true, version=47.0.1, platform=WINDOWS, nativeEvents=false, acceptSslCerts=true, webStorageEnabled=true, locationContextEnabled=true, browserName=firefox, takesScreenshot=true, javascriptEnabled=true, cssSelectorsEnabled=true}]
Session ID: f8f11bd8-cd93-4fde-a426-73fe85daa18f
	at org.openqa.selenium.support.ui.WebDriverWait.timeoutException(WebDriverWait.java:80)
	at org.openqa.selenium.support.ui.FluentWait.until(FluentWait.java:265)
	at pageObjects.PA_Landing_Page.img_rolloverLargerImageDisplayed(PA_Landing_Page.java:367)
	at testCases.ModuleRFI.RFI_Form_0004.RFI_Form_0004Test(RFI_Form_0004.java:166)
... Removed 26 stack frames]]>
    </failure>
  </testcase> <!-- RFI_Form_0004Test -->
</testsuite> <!-- RFI_Form_0004 -->
