<?xml version="1.0" encoding="UTF-8"?>
<testsuite name="SupplierAlert_0004"
           tests="5"
           failures="0"
           errors="0"
           skipped="5"
           time="0.000">
  <properties />
  
            <testcase name="checkCaseToRun" time="0.0" classname="testCases.ModuleSA.SupplierAlert_0004">
          <skipped />
    </testcase>
            <testcase name="reporterDataResults" time="0.0" classname="testCases.ModuleSA.SupplierAlert_0004">
          <skipped />
    </testcase>
            <testcase name="closeBrowser" time="0.0" classname="testCases.ModuleSA.SupplierAlert_0004">
          <skipped />
    </testcase>
            <testcase name="beforeMethod" time="0.0" classname="testCases.ModuleSA.SupplierAlert_0004">
          <skipped />
    </testcase>
            <testcase name="SupplierAlert_0004Test" time="0.0" classname="testCases.ModuleSA.SupplierAlert_0004">
          <skipped />
    </testcase>
  
  
</testsuite>
