<?xml version="1.0" encoding="UTF-8"?>
<testsuite name="NewsAdvSearch_0002"
           tests="5"
           failures="0"
           errors="0"
           skipped="5"
           time="0.000">
  <properties />
  
            <testcase name="beforeMethod" time="0.0" classname="testCases.ModuleSearch.NewsAdvSearch_0002">
          <skipped />
    </testcase>
            <testcase name="reporterDataResults" time="0.0" classname="testCases.ModuleSearch.NewsAdvSearch_0002">
          <skipped />
    </testcase>
            <testcase name="closeBrowser" time="0.0" classname="testCases.ModuleSearch.NewsAdvSearch_0002">
          <skipped />
    </testcase>
            <testcase name="checkCaseToRun" time="0.0" classname="testCases.ModuleSearch.NewsAdvSearch_0002">
          <skipped />
    </testcase>
            <testcase name="NewsAdv_Search_0002Test" time="0.0" classname="testCases.ModuleSearch.NewsAdvSearch_0002">
          <skipped />
    </testcase>
  
  
</testsuite>
