<?xml version="1.0" encoding="UTF-8"?>
<testsuite name="RFI_PALanding_0004"
           tests="3"
           failures="0"
           errors="0"
           skipped="3"
           time="0.000">
  <properties />
  
            <testcase name="checkCaseToRun" time="0.0" classname="testCases.ModuleRFI.RFI_PALanding_0004">
          <skipped />
    </testcase>
            <testcase name="closeBrowser" time="0.0" classname="testCases.ModuleRFI.RFI_PALanding_0004">
          <skipped />
    </testcase>
            <testcase name="RFI_PALanding_0004Test" time="0.0" classname="testCases.ModuleRFI.RFI_PALanding_0004">
          <skipped />
    </testcase>
  
  
</testsuite>
