<?xml version="1.0" encoding="UTF-8"?>
<testsuite name="PA_Upgrade_0003"
           tests="5"
           failures="0"
           errors="0"
           skipped="5"
           time="0.000">
  <properties />
  
            <testcase name="reporterDataResults" time="0.0" classname="testCases.ModulePA.PA_Upgrade_0003">
          <skipped />
    </testcase>
            <testcase name="closeBrowser" time="0.0" classname="testCases.ModulePA.PA_Upgrade_0003">
          <skipped />
    </testcase>
            <testcase name="beforeMethod" time="0.0" classname="testCases.ModulePA.PA_Upgrade_0003">
          <skipped />
    </testcase>
            <testcase name="checkCaseToRun" time="0.0" classname="testCases.ModulePA.PA_Upgrade_0003">
          <skipped />
    </testcase>
            <testcase name="PA_Upgrade_0003Test" time="0.0" classname="testCases.ModulePA.PA_Upgrade_0003">
          <skipped />
    </testcase>
  
  
</testsuite>
