<?xml version="1.0" encoding="UTF-8"?>
<!-- Generated by org.testng.reporters.JUnitXMLReporter -->
<testsuite hostname="C111400215M4232" ignored="0" name="RFI_InqBasket_0002" tests="1" failures="1" timestamp="16 Jul 2018 15:17:03 GMT" time="103.52" errors="0">
  <testcase name="RFI_InqBasket_0002Test" time="90.477" classname="testCases.ModuleRFI.RFI_InqBasket_0002">
    <failure type="org.openqa.selenium.TimeoutException" message="Expected condition failed: waiting for title to be &amp;quot;Global Sources - Inquiry Basket&amp;quot;. Current title: &amp;quot;Manufacturers &amp;amp; Suppliers Directory | Global Sources&amp;quot; (tried for 25 second(s) with 500 MILLISECONDS interval)
Build info: version: &amp;apos;unknown&amp;apos;, revision: &amp;apos;1969d75&amp;apos;, time: &amp;apos;2016-10-18 09:43:45 -0700&amp;apos;
System info: host: &amp;apos;C111400215M4232&amp;apos;, ip: &amp;apos;192.168.87.55&amp;apos;, os.name: &amp;apos;Windows 10&amp;apos;, os.arch: &amp;apos;amd64&amp;apos;, os.version: &amp;apos;10.0&amp;apos;, java.version: &amp;apos;1.8.0_151&amp;apos;
Driver info: org.openqa.selenium.firefox.FirefoxDriver
Capabilities [{applicationCacheEnabled=true, rotatable=false, handlesAlerts=true, databaseEnabled=true, version=47.0.1, platform=WINDOWS, nativeEvents=false, acceptSslCerts=true, webStorageEnabled=true, locationContextEnabled=true, browserName=firefox, takesScreenshot=true, javascriptEnabled=true, cssSelectorsEnabled=true}]
Session ID: d6f4f435-7196-4626-bcd0-540d14f0421f">
      <![CDATA[org.openqa.selenium.TimeoutException: Expected condition failed: waiting for title to be "Global Sources - Inquiry Basket". Current title: "Manufacturers & Suppliers Directory | Global Sources" (tried for 25 second(s) with 500 MILLISECONDS interval)
Build info: version: 'unknown', revision: '1969d75', time: '2016-10-18 09:43:45 -0700'
System info: host: 'C111400215M4232', ip: '192.168.87.55', os.name: 'Windows 10', os.arch: 'amd64', os.version: '10.0', java.version: '1.8.0_151'
Driver info: org.openqa.selenium.firefox.FirefoxDriver
Capabilities [{applicationCacheEnabled=true, rotatable=false, handlesAlerts=true, databaseEnabled=true, version=47.0.1, platform=WINDOWS, nativeEvents=false, acceptSslCerts=true, webStorageEnabled=true, locationContextEnabled=true, browserName=firefox, takesScreenshot=true, javascriptEnabled=true, cssSelectorsEnabled=true}]
Session ID: d6f4f435-7196-4626-bcd0-540d14f0421f
	at org.openqa.selenium.support.ui.WebDriverWait.timeoutException(WebDriverWait.java:80)
	at org.openqa.selenium.support.ui.FluentWait.until(FluentWait.java:265)
	at pageObjects.InquiryBasket_Page.check_inqBasketPageIsDisplayed(InquiryBasket_Page.java:59)
	at testCases.ModuleRFI.RFI_InqBasket_0002.RFI_InqBasket_0002Test(RFI_InqBasket_0002.java:221)
... Removed 25 stack frames]]>
    </failure>
  </testcase> <!-- RFI_InqBasket_0002Test -->
</testsuite> <!-- RFI_InqBasket_0002 -->
