<?xml version="1.0" encoding="UTF-8"?>
<!-- Generated by org.testng.reporters.JUnitXMLReporter -->
<testsuite hostname="C111400215M4232" ignored="0" name="PA_EditCategories_0025" tests="1" failures="1" timestamp="16 Jul 2018 16:08:19 GMT" time="324.835" errors="0">
  <testcase name="PA_EditCategories_0025Test" time="310.079" classname="testCases.ModulePA.PA_EditCategories_0025">
    <failure type="org.openqa.selenium.TimeoutException" message="Expected condition failed: waiting for title to be &amp;quot;Global Sources - Inquiry Manager&amp;quot;. Current title: &amp;quot;Manufacturers &amp;amp; Suppliers Directory | Global Sources&amp;quot; (tried for 25 second(s) with 500 MILLISECONDS interval)
Build info: version: &amp;apos;unknown&amp;apos;, revision: &amp;apos;1969d75&amp;apos;, time: &amp;apos;2016-10-18 09:43:45 -0700&amp;apos;
System info: host: &amp;apos;C111400215M4232&amp;apos;, ip: &amp;apos;192.168.87.55&amp;apos;, os.name: &amp;apos;Windows 10&amp;apos;, os.arch: &amp;apos;amd64&amp;apos;, os.version: &amp;apos;10.0&amp;apos;, java.version: &amp;apos;1.8.0_151&amp;apos;
Driver info: org.openqa.selenium.firefox.FirefoxDriver
Capabilities [{applicationCacheEnabled=true, rotatable=false, handlesAlerts=true, databaseEnabled=true, version=47.0.1, platform=WINDOWS, nativeEvents=false, acceptSslCerts=true, webStorageEnabled=true, locationContextEnabled=true, browserName=firefox, takesScreenshot=true, javascriptEnabled=true, cssSelectorsEnabled=true}]
Session ID: 67709341-4a38-485d-b09f-9b63ed346988">
      <![CDATA[org.openqa.selenium.TimeoutException: Expected condition failed: waiting for title to be "Global Sources - Inquiry Manager". Current title: "Manufacturers & Suppliers Directory | Global Sources" (tried for 25 second(s) with 500 MILLISECONDS interval)
Build info: version: 'unknown', revision: '1969d75', time: '2016-10-18 09:43:45 -0700'
System info: host: 'C111400215M4232', ip: '192.168.87.55', os.name: 'Windows 10', os.arch: 'amd64', os.version: '10.0', java.version: '1.8.0_151'
Driver info: org.openqa.selenium.firefox.FirefoxDriver
Capabilities [{applicationCacheEnabled=true, rotatable=false, handlesAlerts=true, databaseEnabled=true, version=47.0.1, platform=WINDOWS, nativeEvents=false, acceptSslCerts=true, webStorageEnabled=true, locationContextEnabled=true, browserName=firefox, takesScreenshot=true, javascriptEnabled=true, cssSelectorsEnabled=true}]
Session ID: 67709341-4a38-485d-b09f-9b63ed346988
	at org.openqa.selenium.support.ui.WebDriverWait.timeoutException(WebDriverWait.java:80)
	at org.openqa.selenium.support.ui.FluentWait.until(FluentWait.java:265)
	at pageObjects.RFIConfirmation_Page.check_RFIConfirmationPageDisplayed(RFIConfirmation_Page.java:78)
	at testCases.ModulePA.PA_EditCategories_0025.PA_EditCategories_0025Test(PA_EditCategories_0025.java:200)
... Removed 25 stack frames]]>
    </failure>
  </testcase> <!-- PA_EditCategories_0025Test -->
</testsuite> <!-- PA_EditCategories_0025 -->
