<?xml version="1.0" encoding="UTF-8"?>
<!-- Generated by org.testng.reporters.JUnitXMLReporter -->
<testsuite hostname="C111400215M4232" ignored="0" name="PA_EditCategories_0007" tests="1" failures="0" timestamp="16 Jul 2018 15:39:11 GMT" time="0.453" errors="0">
  <testcase name="@BeforeTest checkCaseToRun" time="0.0" classname="testCases.ModulePA.PA_EditCategories_0007">
    <skipped/>
  </testcase> <!-- @BeforeTest checkCaseToRun -->
  <testcase name="@BeforeMethod beforeMethod" time="0.0" classname="testCases.ModulePA.PA_EditCategories_0007">
    <skipped/>
  </testcase> <!-- @BeforeMethod beforeMethod -->
  <testcase name="@AfterMethod reporterDataResults" time="0.0" classname="testCases.ModulePA.PA_EditCategories_0007">
    <skipped/>
  </testcase> <!-- @AfterMethod reporterDataResults -->
  <testcase name="@AfterTest closeBrowser" time="0.0" classname="testCases.ModulePA.PA_EditCategories_0007">
    <skipped/>
  </testcase> <!-- @AfterTest closeBrowser -->
  <testcase name="PA_EditCategories_0007Test" time="0.0" classname="testCases.ModulePA.PA_EditCategories_0007">
    <skipped/>
  </testcase> <!-- PA_EditCategories_0007Test -->
</testsuite> <!-- PA_EditCategories_0007 -->
