<?xml version="1.0" encoding="UTF-8"?>
<!-- Generated by org.testng.reporters.JUnitXMLReporter -->
<testsuite hostname="C111400215M4232" ignored="0" name="ProductionBug_0001" tests="1" failures="0" timestamp="16 Jul 2018 17:26:59 GMT" time="0.453" errors="0">
  <testcase name="@BeforeTest checkCaseToRun" time="0.0" classname="testCases.ModuleBug.ProductionBug_0001">
    <skipped/>
  </testcase> <!-- @BeforeTest checkCaseToRun -->
  <testcase name="@BeforeMethod beforeMethod" time="0.0" classname="testCases.ModuleBug.ProductionBug_0001">
    <skipped/>
  </testcase> <!-- @BeforeMethod beforeMethod -->
  <testcase name="@AfterMethod reporterDataResults" time="0.0" classname="testCases.ModuleBug.ProductionBug_0001">
    <skipped/>
  </testcase> <!-- @AfterMethod reporterDataResults -->
  <testcase name="@AfterTest closeBrowser" time="0.0" classname="testCases.ModuleBug.ProductionBug_0001">
    <skipped/>
  </testcase> <!-- @AfterTest closeBrowser -->
  <testcase name="ProductionBug_0001Test" time="0.0" classname="testCases.ModuleBug.ProductionBug_0001">
    <skipped/>
  </testcase> <!-- ProductionBug_0001Test -->
</testsuite> <!-- ProductionBug_0001 -->
