<?xml version="1.0" encoding="UTF-8"?>
<!-- Generated by org.testng.reporters.JUnitXMLReporter -->
<testsuite hostname="C111400215M4232" ignored="0" name="NewsAdvSearch_0002" tests="1" failures="0" timestamp="13 Jul 2018 17:06:57 GMT" time="0.422" errors="0">
  <testcase name="@BeforeTest checkCaseToRun" time="0.0" classname="testCases.ModuleSearch.NewsAdvSearch_0002">
    <skipped/>
  </testcase> <!-- @BeforeTest checkCaseToRun -->
  <testcase name="@BeforeMethod beforeMethod" time="0.0" classname="testCases.ModuleSearch.NewsAdvSearch_0002">
    <skipped/>
  </testcase> <!-- @BeforeMethod beforeMethod -->
  <testcase name="@AfterMethod reporterDataResults" time="0.0" classname="testCases.ModuleSearch.NewsAdvSearch_0002">
    <skipped/>
  </testcase> <!-- @AfterMethod reporterDataResults -->
  <testcase name="@AfterTest closeBrowser" time="0.0" classname="testCases.ModuleSearch.NewsAdvSearch_0002">
    <skipped/>
  </testcase> <!-- @AfterTest closeBrowser -->
  <testcase name="NewsAdv_Search_0002Test" time="0.0" classname="testCases.ModuleSearch.NewsAdvSearch_0002">
    <skipped/>
  </testcase> <!-- NewsAdv_Search_0002Test -->
</testsuite> <!-- NewsAdvSearch_0002 -->
