<?xml version="1.0" encoding="UTF-8"?>
<!-- Generated by org.testng.reporters.JUnitXMLReporter -->
<testsuite hostname="C111400215M4232" ignored="0" name="SuppAdvSearch_0013" tests="1" failures="0" timestamp="13 Jul 2018 17:06:55 GMT" time="0.5" errors="0">
  <testcase name="@BeforeTest checkCaseToRun" time="0.0" classname="testCases.ModuleSearch.SuppAdvSearch_0013">
    <skipped/>
  </testcase> <!-- @BeforeTest checkCaseToRun -->
  <testcase name="@BeforeMethod beforeMethod" time="0.0" classname="testCases.ModuleSearch.SuppAdvSearch_0013">
    <skipped/>
  </testcase> <!-- @BeforeMethod beforeMethod -->
  <testcase name="@AfterMethod reporterDataResults" time="0.0" classname="testCases.ModuleSearch.SuppAdvSearch_0013">
    <skipped/>
  </testcase> <!-- @AfterMethod reporterDataResults -->
  <testcase name="@AfterTest closeBrowser" time="0.0" classname="testCases.ModuleSearch.SuppAdvSearch_0013">
    <skipped/>
  </testcase> <!-- @AfterTest closeBrowser -->
  <testcase name="SuppAdvSearch_0013Test" time="0.0" classname="testCases.ModuleSearch.SuppAdvSearch_0013">
    <skipped/>
  </testcase> <!-- SuppAdvSearch_0013Test -->
</testsuite> <!-- SuppAdvSearch_0013 -->
