<?xml version="1.0" encoding="UTF-8"?>
<!-- Generated by org.testng.reporters.JUnitXMLReporter -->
<testsuite hostname="C111400215M4232" ignored="0" name="eMagSubscription_0009" tests="1" failures="0" timestamp="16 Jul 2018 17:07:45 GMT" time="0.578" errors="0">
  <testcase name="@BeforeTest checkCaseToRun" time="0.0" classname="testCases.ModuleeMag.eMagSubscription_0009">
    <skipped/>
  </testcase> <!-- @BeforeTest checkCaseToRun -->
  <testcase name="@BeforeMethod beforeMethod" time="0.0" classname="testCases.ModuleeMag.eMagSubscription_0009">
    <skipped/>
  </testcase> <!-- @BeforeMethod beforeMethod -->
  <testcase name="@AfterMethod reporterDataResults" time="0.0" classname="testCases.ModuleeMag.eMagSubscription_0009">
    <skipped/>
  </testcase> <!-- @AfterMethod reporterDataResults -->
  <testcase name="@AfterTest closeBrowser" time="0.0" classname="testCases.ModuleeMag.eMagSubscription_0009">
    <skipped/>
  </testcase> <!-- @AfterTest closeBrowser -->
  <testcase name="eMagSubscription_0009Test" time="0.0" classname="testCases.ModuleeMag.eMagSubscription_0009">
    <skipped/>
  </testcase> <!-- eMagSubscription_0009Test -->
</testsuite> <!-- eMagSubscription_0009 -->
